[debug] > Exec(early(addDefaultCommands), None, None)
[debug] > Exec(addDefaultCommands, None, None)
[debug] > Exec(early(initialize), None, None)
[debug] > Exec(initialize, None, None)
[debug] > Exec(boot, None, None)
[debug] > Exec(writeSbtVersion, None, None)
[debug] > Exec(reload, None, None)
[debug] > Exec(sbtStashOnFailure, None, None)
[debug] > Exec(onFailure loadFailed, None, None)
[debug] > Exec(loadp, None, None)
[info] welcome to sbt 1.4.1 (Oracle Corporation Java 13.0.2)
[debug]       Load.loadUnit: plugins took 130.6719ms
[debug]       Load.loadUnit: defsScala took 0.4203ms
[debug] [Loading] Scanning directory C:\Users\HP\.sbt\1.0\plugins
[debug] [Loading] Found non-root projects 
[debug] [Loading] Done in C:\Users\HP\.sbt\1.0\plugins, returning: ()
[debug] deducing auto plugins based on known facts Set(Atom(sbt.plugins.CorePlugin)) and clauses Clauses(List(Clause(Atom(sbt.plugins.JvmPlugin),Set(Atom(sbt.plugins.IvyPlugin))), Clause(Atom(sbt.ScriptedPlugin),Set(Atom(sbt.plugins.JvmPlugin))), Clause(Atom(sbt.plugins.SbtPlugin),Set(Atom(sbt.ScriptedPlugin))), Clause(Atom(sbt.plugins.SemanticdbPlugin),Set(Atom(sbt.plugins.JvmPlugin))), Clause(Atom(sbt.plugins.JUnitXmlReportPlugin),Set(Atom(sbt.plugins.JvmPlugin))), Clause(Atom(sbt.plugins.MiniDependencyTreePlugin),Set(Atom(sbt.plugins.JvmPlugin))), Clause(Atom(sbt.plugins.CorePlugin),Set(Atom(sbt.plugins.IvyPlugin))), Clause(Atom(sbt.plugins.IvyPlugin),Set(Atom(sbt.plugins.JvmPlugin))), Clause(Atom(sbt.plugins.JvmPlugin),Set(Atom(sbt.plugins.SemanticdbPlugin))), Clause(Atom(sbt.plugins.JvmPlugin),Set(Atom(sbt.plugins.JUnitXmlReportPlugin))), Clause(Atom(sbt.plugins.CorePlugin),Set(Atom(sbt.plugins.Giter8TemplatePlugin))), Clause(Atom(sbt.plugins.JvmPlugin),Set(Atom(sbt.plugins.MiniDependencyTreePlugin)))))
[debug]   :: deduced result: Matched(sbt.plugins.CorePlugin,sbt.plugins.Giter8TemplatePlugin,sbt.plugins.IvyPlugin,sbt.plugins.JvmPlugin,sbt.plugins.MiniDependencyTreePlugin,sbt.plugins.JUnitXmlReportPlugin,sbt.plugins.SemanticdbPlugin)
[debug] Plugins.deducer#function took 28.893 ms
[debug]           Load.resolveProject(global-plugins) took 48.0758ms
[debug]         Load.loadTransitive: finalizeProject(Project(id global-plugins, base: C:\Users\HP\.sbt\1.0\plugins, plugins: List(<none>))) took 120.6721ms
[debug] [Loading] Done in C:\Users\HP\.sbt\1.0\plugins, returning: (global-plugins)
[debug]       Load.loadUnit: loadedProjectsRaw took 149.4767ms
[debug]       Load.loadUnit: cleanEvalClasses took 0.4604ms
[debug]     Load.loadUnit(file:/C:/Users/HP/.sbt/1.0/plugins/, ...) took 292.0006ms
[debug]   Load.apply: load took 493.8957ms
[debug]   Load.apply: resolveProjects took 10.2366ms
[debug]   Load.apply: finalTransforms took 55.854ms
[debug]   Load.apply: config.delegates took 9.0141ms
[debug]   Load.apply: Def.make(settings)... took 705.5319ms
[debug]   Load.apply: structureIndex took 184.9401ms
[debug]   Load.apply: mkStreams took 2.5404ms
[info] loading global plugins from C:\Users\HP\.sbt\1.0\plugins
[debug] Running task... Cancel: Signal, check cycles: false, forcegc: true
[debug] Load.defaultLoad until apply took 2905.1303ms
[debug]           Load.loadUnit: plugins took 23.1357ms
[debug]           Load.loadUnit: defsScala took 0.0045ms
[debug] [Loading] Scanning directory C:\backendScala\labs\week8\sis7\project
[debug] [Loading] Found non-root projects 
[debug] [Loading] Done in C:\backendScala\labs\week8\sis7\project, returning: ()
[debug] deducing auto plugins based on known facts Set(Atom(sbt.plugins.CorePlugin)) and clauses Clauses(List(Clause(Atom(sbt.plugins.JvmPlugin),Set(Atom(sbt.plugins.IvyPlugin))), Clause(Atom(sbt.ScriptedPlugin),Set(Atom(sbt.plugins.JvmPlugin))), Clause(Atom(sbt.plugins.SbtPlugin),Set(Atom(sbt.ScriptedPlugin))), Clause(Atom(sbt.plugins.SemanticdbPlugin),Set(Atom(sbt.plugins.JvmPlugin))), Clause(Atom(sbt.plugins.JUnitXmlReportPlugin),Set(Atom(sbt.plugins.JvmPlugin))), Clause(Atom(sbt.plugins.MiniDependencyTreePlugin),Set(Atom(sbt.plugins.JvmPlugin))), Clause(Atom(sbt.plugins.CorePlugin),Set(Atom(sbt.plugins.IvyPlugin))), Clause(Atom(sbt.plugins.IvyPlugin),Set(Atom(sbt.plugins.JvmPlugin))), Clause(Atom(sbt.plugins.JvmPlugin),Set(Atom(sbt.plugins.SemanticdbPlugin))), Clause(Atom(sbt.plugins.JvmPlugin),Set(Atom(sbt.plugins.JUnitXmlReportPlugin))), Clause(Atom(sbt.plugins.CorePlugin),Set(Atom(sbt.plugins.Giter8TemplatePlugin))), Clause(Atom(sbt.plugins.JvmPlugin),Set(Atom(sbt.plugins.MiniDependencyTreePlugin)))))
[debug]   :: deduced result: Matched(sbt.plugins.CorePlugin,sbt.plugins.Giter8TemplatePlugin,sbt.plugins.IvyPlugin,sbt.plugins.JvmPlugin,sbt.plugins.MiniDependencyTreePlugin,sbt.plugins.JUnitXmlReportPlugin,sbt.plugins.SemanticdbPlugin)
[debug] Plugins.deducer#function took 1.4677 ms
[debug]               Load.resolveProject(sis7-build) took 1.3791ms
[debug]             Load.loadTransitive: finalizeProject(Project(id sis7-build, base: C:\backendScala\labs\week8\sis7\project, plugins: List(<none>))) took 3.2627ms
[debug] [Loading] Done in C:\backendScala\labs\week8\sis7\project, returning: (sis7-build)
[debug]           Load.loadUnit: loadedProjectsRaw took 4.6323ms
[debug]           Load.loadUnit: cleanEvalClasses took 0.0124ms
[debug]         Load.loadUnit(file:/C:/backendScala/labs/week8/sis7/project/, ...) took 28.5896ms
[debug]       Load.apply: load took 30.1796ms
[debug]       Load.apply: resolveProjects took 0.1097ms
[debug]       Load.apply: finalTransforms took 9.4653ms
[debug]       Load.apply: config.delegates took 0.3614ms
[debug]       Load.apply: Def.make(settings)... took 65.8271ms
[debug]       Load.apply: structureIndex took 23.0418ms
[debug]       Load.apply: mkStreams took 0.0027ms
[info] loading project definition from C:\backendScala\labs\week8\sis7\project
[debug] Running task... Cancel: Signal, check cycles: false, forcegc: true
[debug]     Load.loadUnit: plugins took 363.89ms
[debug]     Load.loadUnit: defsScala took 0.0046ms
[debug] [Loading] Scanning directory C:\backendScala\labs\week8\sis7
[debug]       Load.loadUnit: mkEval took 8.5413ms
[debug] [Loading] Found non-root projects 
[debug] [Loading] Done in C:\backendScala\labs\week8\sis7, returning: ()
[debug] deducing auto plugins based on known facts Set(Atom(sbt.plugins.CorePlugin)) and clauses Clauses(List(Clause(Atom(sbt.plugins.JvmPlugin),Set(Atom(sbt.plugins.IvyPlugin))), Clause(Atom(sbt.ScriptedPlugin),Set(Atom(sbt.plugins.JvmPlugin))), Clause(Atom(sbt.plugins.SbtPlugin),Set(Atom(sbt.ScriptedPlugin))), Clause(Atom(sbt.plugins.SemanticdbPlugin),Set(Atom(sbt.plugins.JvmPlugin))), Clause(Atom(sbt.plugins.JUnitXmlReportPlugin),Set(Atom(sbt.plugins.JvmPlugin))), Clause(Atom(sbt.plugins.MiniDependencyTreePlugin),Set(Atom(sbt.plugins.JvmPlugin))), Clause(Atom(sbt.plugins.CorePlugin),Set(Atom(sbt.plugins.IvyPlugin))), Clause(Atom(sbt.plugins.IvyPlugin),Set(Atom(sbt.plugins.JvmPlugin))), Clause(Atom(sbt.plugins.JvmPlugin),Set(Atom(sbt.plugins.SemanticdbPlugin))), Clause(Atom(sbt.plugins.JvmPlugin),Set(Atom(sbt.plugins.JUnitXmlReportPlugin))), Clause(Atom(sbt.plugins.CorePlugin),Set(Atom(sbt.plugins.Giter8TemplatePlugin))), Clause(Atom(sbt.plugins.JvmPlugin),Set(Atom(sbt.plugins.MiniDependencyTreePlugin)))))
[debug]   :: deduced result: Matched(sbt.plugins.CorePlugin,sbt.plugins.Giter8TemplatePlugin,sbt.plugins.IvyPlugin,sbt.plugins.JvmPlugin,sbt.plugins.MiniDependencyTreePlugin,sbt.plugins.JUnitXmlReportPlugin,sbt.plugins.SemanticdbPlugin)
[debug] Plugins.deducer#function took 1.0871 ms
[info] loading settings for project sis7 from build.sbt ...
[debug]         Load.resolveProject(sis7) took 2.0681ms
[debug]       Load.loadTransitive: finalizeProject(Project(id sis7, base: C:\backendScala\labs\week8\sis7, plugins: List(<none>))) took 3.6022ms
[debug] [Loading] Done in C:\backendScala\labs\week8\sis7, returning: (sis7)
[debug]     Load.loadUnit: loadedProjectsRaw took 135.3928ms
[debug]     Load.loadUnit: cleanEvalClasses took 11.2829ms
[debug]   Load.loadUnit(file:/C:/backendScala/labs/week8/sis7/, ...) took 511.4533ms
[debug] Load.apply: load took 512.8069ms
[debug] Load.apply: resolveProjects took 0.1179ms
[debug] Load.apply: finalTransforms took 6.1612ms
[debug] Load.apply: config.delegates took 0.3935ms
[debug] Load.apply: Def.make(settings)... took 85.657ms
[debug] Load.apply: structureIndex took 22.9068ms
[debug] Load.apply: mkStreams took 0.0027ms
[info] set current project to sis7 (in build file:/C:/backendScala/labs/week8/sis7/)
[debug] > Exec(sbtPopOnFailure, None, None)
[debug] > Exec(resumeFromFailure, None, None)
[debug] > Exec(notifyUsersAboutShell, None, None)
[debug] > Exec(iflast shell, None, None)
[debug] > Exec(run, None, None)
[debug] Evaluating tasks: Compile / run
[debug] Running task... Cancel: Signal, check cycles: false, forcegc: true
[info] compiling 2 Scala sources to C:\backendScala\labs\week8\sis7\target\scala-2.13\classes ...
[info] done compiling
