[debug] > Exec(early(addDefaultCommands), None, None)
[debug] > Exec(addDefaultCommands, None, None)
[debug] > Exec(early(initialize), None, None)
[debug] > Exec(initialize, None, None)
[debug] > Exec(boot, None, None)
[debug] > Exec(writeSbtVersion, None, None)
[debug] > Exec(reload, None, None)
[debug] > Exec(sbtStashOnFailure, None, None)
[debug] > Exec(onFailure loadFailed, None, None)
[debug] > Exec(loadp, None, None)
[info] welcome to sbt 1.4.1 (Oracle Corporation Java 13.0.2)
[debug]       Load.loadUnit: plugins took 183.7194ms
[debug]       Load.loadUnit: defsScala took 0.6611ms
[debug] [Loading] Scanning directory C:\Users\HP\.sbt\1.0\plugins
[debug] [Loading] Found non-root projects 
[debug] [Loading] Done in C:\Users\HP\.sbt\1.0\plugins, returning: ()
[debug] deducing auto plugins based on known facts Set(Atom(sbt.plugins.CorePlugin)) and clauses Clauses(List(Clause(Atom(sbt.plugins.JvmPlugin),Set(Atom(sbt.plugins.IvyPlugin))), Clause(Atom(sbt.ScriptedPlugin),Set(Atom(sbt.plugins.JvmPlugin))), Clause(Atom(sbt.plugins.SbtPlugin),Set(Atom(sbt.ScriptedPlugin))), Clause(Atom(sbt.plugins.SemanticdbPlugin),Set(Atom(sbt.plugins.JvmPlugin))), Clause(Atom(sbt.plugins.JUnitXmlReportPlugin),Set(Atom(sbt.plugins.JvmPlugin))), Clause(Atom(sbt.plugins.MiniDependencyTreePlugin),Set(Atom(sbt.plugins.JvmPlugin))), Clause(Atom(sbt.plugins.CorePlugin),Set(Atom(sbt.plugins.IvyPlugin))), Clause(Atom(sbt.plugins.IvyPlugin),Set(Atom(sbt.plugins.JvmPlugin))), Clause(Atom(sbt.plugins.JvmPlugin),Set(Atom(sbt.plugins.SemanticdbPlugin))), Clause(Atom(sbt.plugins.JvmPlugin),Set(Atom(sbt.plugins.JUnitXmlReportPlugin))), Clause(Atom(sbt.plugins.CorePlugin),Set(Atom(sbt.plugins.Giter8TemplatePlugin))), Clause(Atom(sbt.plugins.JvmPlugin),Set(Atom(sbt.plugins.MiniDependencyTreePlugin)))))
[debug]   :: deduced result: Matched(sbt.plugins.CorePlugin,sbt.plugins.Giter8TemplatePlugin,sbt.plugins.IvyPlugin,sbt.plugins.JvmPlugin,sbt.plugins.MiniDependencyTreePlugin,sbt.plugins.JUnitXmlReportPlugin,sbt.plugins.SemanticdbPlugin)
[debug] Plugins.deducer#function took 46.4859 ms
[debug]           Load.resolveProject(global-plugins) took 106.9941ms
[debug]         Load.loadTransitive: finalizeProject(Project(id global-plugins, base: C:\Users\HP\.sbt\1.0\plugins, plugins: List(<none>))) took 200.0185ms
[debug] [Loading] Done in C:\Users\HP\.sbt\1.0\plugins, returning: (global-plugins)
[debug]       Load.loadUnit: loadedProjectsRaw took 246.1606ms
[debug]       Load.loadUnit: cleanEvalClasses took 1.0724ms
[debug]     Load.loadUnit(file:/C:/Users/HP/.sbt/1.0/plugins/, ...) took 457.4566ms
[debug]   Load.apply: load took 837.7696ms
[debug]   Load.apply: resolveProjects took 12.6985ms
[debug]   Load.apply: finalTransforms took 95.4961ms
[debug]   Load.apply: config.delegates took 11.1009ms
[debug]   Load.apply: Def.make(settings)... took 1145.6421ms
[debug]   Load.apply: structureIndex took 130.834ms
[debug]   Load.apply: mkStreams took 1.9044ms
[info] loading global plugins from C:\Users\HP\.sbt\1.0\plugins
[debug] Running task... Cancel: Signal, check cycles: false, forcegc: true
[debug] Load.defaultLoad until apply took 5144.6082ms
[debug]           Load.loadUnit: plugins took 53.0884ms
[debug]           Load.loadUnit: defsScala took 0.0114ms
[debug] [Loading] Scanning directory C:\backendScala\labs\week8\sis7\project
[debug] [Loading] Found non-root projects 
[debug] [Loading] Done in C:\backendScala\labs\week8\sis7\project, returning: ()
[debug] deducing auto plugins based on known facts Set(Atom(sbt.plugins.CorePlugin)) and clauses Clauses(List(Clause(Atom(sbt.plugins.JvmPlugin),Set(Atom(sbt.plugins.IvyPlugin))), Clause(Atom(sbt.ScriptedPlugin),Set(Atom(sbt.plugins.JvmPlugin))), Clause(Atom(sbt.plugins.SbtPlugin),Set(Atom(sbt.ScriptedPlugin))), Clause(Atom(sbt.plugins.SemanticdbPlugin),Set(Atom(sbt.plugins.JvmPlugin))), Clause(Atom(sbt.plugins.JUnitXmlReportPlugin),Set(Atom(sbt.plugins.JvmPlugin))), Clause(Atom(sbt.plugins.MiniDependencyTreePlugin),Set(Atom(sbt.plugins.JvmPlugin))), Clause(Atom(sbt.plugins.CorePlugin),Set(Atom(sbt.plugins.IvyPlugin))), Clause(Atom(sbt.plugins.IvyPlugin),Set(Atom(sbt.plugins.JvmPlugin))), Clause(Atom(sbt.plugins.JvmPlugin),Set(Atom(sbt.plugins.SemanticdbPlugin))), Clause(Atom(sbt.plugins.JvmPlugin),Set(Atom(sbt.plugins.JUnitXmlReportPlugin))), Clause(Atom(sbt.plugins.CorePlugin),Set(Atom(sbt.plugins.Giter8TemplatePlugin))), Clause(Atom(sbt.plugins.JvmPlugin),Set(Atom(sbt.plugins.MiniDependencyTreePlugin)))))
[debug]   :: deduced result: Matched(sbt.plugins.CorePlugin,sbt.plugins.Giter8TemplatePlugin,sbt.plugins.IvyPlugin,sbt.plugins.JvmPlugin,sbt.plugins.MiniDependencyTreePlugin,sbt.plugins.JUnitXmlReportPlugin,sbt.plugins.SemanticdbPlugin)
[debug] Plugins.deducer#function took 4.0658 ms
[debug]               Load.resolveProject(sis7-build) took 3.2397ms
[debug]             Load.loadTransitive: finalizeProject(Project(id sis7-build, base: C:\backendScala\labs\week8\sis7\project, plugins: List(<none>))) took 8.2571ms
[debug] [Loading] Done in C:\backendScala\labs\week8\sis7\project, returning: (sis7-build)
[debug]           Load.loadUnit: loadedProjectsRaw took 11.3621ms
[debug]           Load.loadUnit: cleanEvalClasses took 0.0281ms
[debug]         Load.loadUnit(file:/C:/backendScala/labs/week8/sis7/project/, ...) took 66.0952ms
[debug]       Load.apply: load took 70.4059ms
[debug]       Load.apply: resolveProjects took 0.1699ms
[debug]       Load.apply: finalTransforms took 28.7548ms
[debug]       Load.apply: config.delegates took 0.9882ms
[debug]       Load.apply: Def.make(settings)... took 149.4724ms
[debug]       Load.apply: structureIndex took 46.441ms
[debug]       Load.apply: mkStreams took 0.0041ms
[info] loading project definition from C:\backendScala\labs\week8\sis7\project
[debug] Running task... Cancel: Signal, check cycles: false, forcegc: true
[debug]     Load.loadUnit: plugins took 708.7815ms
[debug]     Load.loadUnit: defsScala took 0.007ms
[debug] [Loading] Scanning directory C:\backendScala\labs\week8\sis7
[debug]       Load.loadUnit: mkEval took 13.588ms
[debug] [Loading] Found non-root projects 
[debug] [Loading] Done in C:\backendScala\labs\week8\sis7, returning: ()
[debug] deducing auto plugins based on known facts Set(Atom(sbt.plugins.CorePlugin)) and clauses Clauses(List(Clause(Atom(sbt.plugins.JvmPlugin),Set(Atom(sbt.plugins.IvyPlugin))), Clause(Atom(sbt.ScriptedPlugin),Set(Atom(sbt.plugins.JvmPlugin))), Clause(Atom(sbt.plugins.SbtPlugin),Set(Atom(sbt.ScriptedPlugin))), Clause(Atom(sbt.plugins.SemanticdbPlugin),Set(Atom(sbt.plugins.JvmPlugin))), Clause(Atom(sbt.plugins.JUnitXmlReportPlugin),Set(Atom(sbt.plugins.JvmPlugin))), Clause(Atom(sbt.plugins.MiniDependencyTreePlugin),Set(Atom(sbt.plugins.JvmPlugin))), Clause(Atom(sbt.plugins.CorePlugin),Set(Atom(sbt.plugins.IvyPlugin))), Clause(Atom(sbt.plugins.IvyPlugin),Set(Atom(sbt.plugins.JvmPlugin))), Clause(Atom(sbt.plugins.JvmPlugin),Set(Atom(sbt.plugins.SemanticdbPlugin))), Clause(Atom(sbt.plugins.JvmPlugin),Set(Atom(sbt.plugins.JUnitXmlReportPlugin))), Clause(Atom(sbt.plugins.CorePlugin),Set(Atom(sbt.plugins.Giter8TemplatePlugin))), Clause(Atom(sbt.plugins.JvmPlugin),Set(Atom(sbt.plugins.MiniDependencyTreePlugin)))))
[debug]   :: deduced result: Matched(sbt.plugins.CorePlugin,sbt.plugins.Giter8TemplatePlugin,sbt.plugins.IvyPlugin,sbt.plugins.JvmPlugin,sbt.plugins.MiniDependencyTreePlugin,sbt.plugins.JUnitXmlReportPlugin,sbt.plugins.SemanticdbPlugin)
[debug] Plugins.deducer#function took 2.3145 ms
[info] loading settings for project sis7 from build.sbt ...
[debug]         Load.resolveProject(sis7) took 4.0844ms
[debug]       Load.loadTransitive: finalizeProject(Project(id sis7, base: C:\backendScala\labs\week8\sis7, plugins: List(<none>))) took 7.0946ms
[debug] [Loading] Done in C:\backendScala\labs\week8\sis7, returning: (sis7)
[debug]     Load.loadUnit: loadedProjectsRaw took 250.0485ms
[debug]     Load.loadUnit: cleanEvalClasses took 28.3597ms
[debug]   Load.loadUnit(file:/C:/backendScala/labs/week8/sis7/, ...) took 988.6143ms
[debug] Load.apply: load took 991.0533ms
[debug] Load.apply: resolveProjects took 0.1324ms
[debug] Load.apply: finalTransforms took 12.3597ms
[debug] Load.apply: config.delegates took 0.7003ms
[debug] Load.apply: Def.make(settings)... took 161.1901ms
[debug] Load.apply: structureIndex took 35.2416ms
[debug] Load.apply: mkStreams took 0.0038ms
[info] set current project to sis7 (in build file:/C:/backendScala/labs/week8/sis7/)
[debug] > Exec(sbtPopOnFailure, None, None)
[debug] > Exec(resumeFromFailure, None, None)
[debug] > Exec(notifyUsersAboutShell, None, None)
[debug] > Exec(iflast shell, None, None)
[debug] > Exec(run, None, None)
[debug] Evaluating tasks: Compile / run
[debug] Running task... Cancel: Signal, check cycles: false, forcegc: true
[info] compiling 1 Scala source to C:\backendScala\labs\week8\sis7\target\scala-2.13\classes ...
[info] done compiling
