[debug] > Exec(early(addDefaultCommands), None, None)
[debug] > Exec(addDefaultCommands, None, None)
[debug] > Exec(early(initialize), None, None)
[debug] > Exec(initialize, None, None)
[debug] > Exec(boot, None, None)
[debug] > Exec(writeSbtVersion, None, None)
[debug] > Exec(reload, None, None)
[debug] > Exec(sbtStashOnFailure, None, None)
[debug] > Exec(onFailure loadFailed, None, None)
[debug] > Exec(loadp, None, None)
[info] welcome to sbt 1.4.1 (Oracle Corporation Java 13.0.2)
[debug]       Load.loadUnit: plugins took 165.1693ms
[debug]       Load.loadUnit: defsScala took 0.2793ms
[debug] [Loading] Scanning directory C:\Users\HP\.sbt\1.0\plugins
[debug] [Loading] Found non-root projects 
[debug] [Loading] Done in C:\Users\HP\.sbt\1.0\plugins, returning: ()
[debug] deducing auto plugins based on known facts Set(Atom(sbt.plugins.CorePlugin)) and clauses Clauses(List(Clause(Atom(sbt.plugins.JvmPlugin),Set(Atom(sbt.plugins.IvyPlugin))), Clause(Atom(sbt.ScriptedPlugin),Set(Atom(sbt.plugins.JvmPlugin))), Clause(Atom(sbt.plugins.SbtPlugin),Set(Atom(sbt.ScriptedPlugin))), Clause(Atom(sbt.plugins.SemanticdbPlugin),Set(Atom(sbt.plugins.JvmPlugin))), Clause(Atom(sbt.plugins.JUnitXmlReportPlugin),Set(Atom(sbt.plugins.JvmPlugin))), Clause(Atom(sbt.plugins.MiniDependencyTreePlugin),Set(Atom(sbt.plugins.JvmPlugin))), Clause(Atom(sbt.plugins.CorePlugin),Set(Atom(sbt.plugins.IvyPlugin))), Clause(Atom(sbt.plugins.IvyPlugin),Set(Atom(sbt.plugins.JvmPlugin))), Clause(Atom(sbt.plugins.JvmPlugin),Set(Atom(sbt.plugins.SemanticdbPlugin))), Clause(Atom(sbt.plugins.JvmPlugin),Set(Atom(sbt.plugins.JUnitXmlReportPlugin))), Clause(Atom(sbt.plugins.CorePlugin),Set(Atom(sbt.plugins.Giter8TemplatePlugin))), Clause(Atom(sbt.plugins.JvmPlugin),Set(Atom(sbt.plugins.MiniDependencyTreePlugin)))))
[debug]   :: deduced result: Matched(sbt.plugins.CorePlugin,sbt.plugins.Giter8TemplatePlugin,sbt.plugins.IvyPlugin,sbt.plugins.JvmPlugin,sbt.plugins.MiniDependencyTreePlugin,sbt.plugins.JUnitXmlReportPlugin,sbt.plugins.SemanticdbPlugin)
[debug] Plugins.deducer#function took 23.6856 ms
[debug]           Load.resolveProject(global-plugins) took 49.2484ms
[debug]         Load.loadTransitive: finalizeProject(Project(id global-plugins, base: C:\Users\HP\.sbt\1.0\plugins, plugins: List(<none>))) took 112.4009ms
[debug] [Loading] Done in C:\Users\HP\.sbt\1.0\plugins, returning: (global-plugins)
[debug]       Load.loadUnit: loadedProjectsRaw took 152.4707ms
[debug]       Load.loadUnit: cleanEvalClasses took 0.2725ms
[debug]     Load.loadUnit(file:/C:/Users/HP/.sbt/1.0/plugins/, ...) took 336.2049ms
[debug]   Load.apply: load took 514.6856ms
[debug]   Load.apply: resolveProjects took 6.8595ms
[debug]   Load.apply: finalTransforms took 51.5615ms
[debug]   Load.apply: config.delegates took 7.6509ms
[debug]   Load.apply: Def.make(settings)... took 689.1ms
[debug]   Load.apply: structureIndex took 93.1432ms
[debug]   Load.apply: mkStreams took 1.7066ms
[info] loading global plugins from C:\Users\HP\.sbt\1.0\plugins
[debug] Running task... Cancel: Signal, check cycles: false, forcegc: true
[debug] Load.defaultLoad until apply took 2844.1157ms
[debug]           Load.loadUnit: plugins took 22.5374ms
[debug]           Load.loadUnit: defsScala took 0.0045ms
[debug] [Loading] Scanning directory C:\backendScala\labs\week8\sis7\project
[debug] [Loading] Found non-root projects 
[debug] [Loading] Done in C:\backendScala\labs\week8\sis7\project, returning: ()
[debug] deducing auto plugins based on known facts Set(Atom(sbt.plugins.CorePlugin)) and clauses Clauses(List(Clause(Atom(sbt.plugins.JvmPlugin),Set(Atom(sbt.plugins.IvyPlugin))), Clause(Atom(sbt.ScriptedPlugin),Set(Atom(sbt.plugins.JvmPlugin))), Clause(Atom(sbt.plugins.SbtPlugin),Set(Atom(sbt.ScriptedPlugin))), Clause(Atom(sbt.plugins.SemanticdbPlugin),Set(Atom(sbt.plugins.JvmPlugin))), Clause(Atom(sbt.plugins.JUnitXmlReportPlugin),Set(Atom(sbt.plugins.JvmPlugin))), Clause(Atom(sbt.plugins.MiniDependencyTreePlugin),Set(Atom(sbt.plugins.JvmPlugin))), Clause(Atom(sbt.plugins.CorePlugin),Set(Atom(sbt.plugins.IvyPlugin))), Clause(Atom(sbt.plugins.IvyPlugin),Set(Atom(sbt.plugins.JvmPlugin))), Clause(Atom(sbt.plugins.JvmPlugin),Set(Atom(sbt.plugins.SemanticdbPlugin))), Clause(Atom(sbt.plugins.JvmPlugin),Set(Atom(sbt.plugins.JUnitXmlReportPlugin))), Clause(Atom(sbt.plugins.CorePlugin),Set(Atom(sbt.plugins.Giter8TemplatePlugin))), Clause(Atom(sbt.plugins.JvmPlugin),Set(Atom(sbt.plugins.MiniDependencyTreePlugin)))))
[debug]   :: deduced result: Matched(sbt.plugins.CorePlugin,sbt.plugins.Giter8TemplatePlugin,sbt.plugins.IvyPlugin,sbt.plugins.JvmPlugin,sbt.plugins.MiniDependencyTreePlugin,sbt.plugins.JUnitXmlReportPlugin,sbt.plugins.SemanticdbPlugin)
[debug] Plugins.deducer#function took 1.4188 ms
[debug]               Load.resolveProject(sis7-build) took 1.2631ms
[debug]             Load.loadTransitive: finalizeProject(Project(id sis7-build, base: C:\backendScala\labs\week8\sis7\project, plugins: List(<none>))) took 3.1151ms
[debug] [Loading] Done in C:\backendScala\labs\week8\sis7\project, returning: (sis7-build)
[debug]           Load.loadUnit: loadedProjectsRaw took 4.5113ms
[debug]           Load.loadUnit: cleanEvalClasses took 0.0105ms
[debug]         Load.loadUnit(file:/C:/backendScala/labs/week8/sis7/project/, ...) took 27.7411ms
[debug]       Load.apply: load took 29.1863ms
[debug]       Load.apply: resolveProjects took 0.1074ms
[debug]       Load.apply: finalTransforms took 9.0598ms
[debug]       Load.apply: config.delegates took 0.3561ms
[debug]       Load.apply: Def.make(settings)... took 80.3832ms
[debug]       Load.apply: structureIndex took 39.3111ms
[debug]       Load.apply: mkStreams took 0.004ms
[info] loading project definition from C:\backendScala\labs\week8\sis7\project
[debug] Running task... Cancel: Signal, check cycles: false, forcegc: true
[debug]     Load.loadUnit: plugins took 381.4662ms
[debug]     Load.loadUnit: defsScala took 0.0033ms
[debug] [Loading] Scanning directory C:\backendScala\labs\week8\sis7
[debug]       Load.loadUnit: mkEval took 4.4318ms
[debug] [Loading] Found non-root projects 
[debug] [Loading] Done in C:\backendScala\labs\week8\sis7, returning: ()
[debug] deducing auto plugins based on known facts Set(Atom(sbt.plugins.CorePlugin)) and clauses Clauses(List(Clause(Atom(sbt.plugins.JvmPlugin),Set(Atom(sbt.plugins.IvyPlugin))), Clause(Atom(sbt.ScriptedPlugin),Set(Atom(sbt.plugins.JvmPlugin))), Clause(Atom(sbt.plugins.SbtPlugin),Set(Atom(sbt.ScriptedPlugin))), Clause(Atom(sbt.plugins.SemanticdbPlugin),Set(Atom(sbt.plugins.JvmPlugin))), Clause(Atom(sbt.plugins.JUnitXmlReportPlugin),Set(Atom(sbt.plugins.JvmPlugin))), Clause(Atom(sbt.plugins.MiniDependencyTreePlugin),Set(Atom(sbt.plugins.JvmPlugin))), Clause(Atom(sbt.plugins.CorePlugin),Set(Atom(sbt.plugins.IvyPlugin))), Clause(Atom(sbt.plugins.IvyPlugin),Set(Atom(sbt.plugins.JvmPlugin))), Clause(Atom(sbt.plugins.JvmPlugin),Set(Atom(sbt.plugins.SemanticdbPlugin))), Clause(Atom(sbt.plugins.JvmPlugin),Set(Atom(sbt.plugins.JUnitXmlReportPlugin))), Clause(Atom(sbt.plugins.CorePlugin),Set(Atom(sbt.plugins.Giter8TemplatePlugin))), Clause(Atom(sbt.plugins.JvmPlugin),Set(Atom(sbt.plugins.MiniDependencyTreePlugin)))))
[debug]   :: deduced result: Matched(sbt.plugins.CorePlugin,sbt.plugins.Giter8TemplatePlugin,sbt.plugins.IvyPlugin,sbt.plugins.JvmPlugin,sbt.plugins.MiniDependencyTreePlugin,sbt.plugins.JUnitXmlReportPlugin,sbt.plugins.SemanticdbPlugin)
[debug] Plugins.deducer#function took 1.3527 ms
[info] loading settings for project sis7 from build.sbt ...
[debug]         Load.resolveProject(sis7) took 3.0116ms
[debug]       Load.loadTransitive: finalizeProject(Project(id sis7, base: C:\backendScala\labs\week8\sis7, plugins: List(<none>))) took 4.8806ms
[debug] [Loading] Done in C:\backendScala\labs\week8\sis7, returning: (sis7)
[debug]     Load.loadUnit: loadedProjectsRaw took 133.77ms
[debug]     Load.loadUnit: cleanEvalClasses took 11.9126ms
[debug]   Load.loadUnit(file:/C:/backendScala/labs/week8/sis7/, ...) took 528.0568ms
[debug] Load.apply: load took 529.8199ms
[debug] Load.apply: resolveProjects took 0.1217ms
[debug] Load.apply: finalTransforms took 9.922ms
[debug] Load.apply: config.delegates took 0.3902ms
[debug] Load.apply: Def.make(settings)... took 89.8832ms
[debug] Load.apply: structureIndex took 21.4411ms
[debug] Load.apply: mkStreams took 0.0031ms
[info] set current project to sis7 (in build file:/C:/backendScala/labs/week8/sis7/)
[debug] > Exec(sbtPopOnFailure, None, None)
[debug] > Exec(resumeFromFailure, None, None)
[debug] > Exec(notifyUsersAboutShell, None, None)
[debug] > Exec(iflast shell, None, None)
[debug] > Exec(run, None, None)
[debug] Evaluating tasks: Compile / run
[debug] Running task... Cancel: Signal, check cycles: false, forcegc: true
[info] compiling 2 Scala sources to C:\backendScala\labs\week8\sis7\target\scala-2.13\classes ...
[info] done compiling
